# JRE version: Java(TM) SE Runtime Environment (23.0.1+11) (build 23.0.1+11-39)
# Java VM: Java HotSpot(TM) 64-Bit Server VM (23.0.1+11-39, mixed mode, sharing, tiered, compressed oops, compressed class ptrs, g1 gc, windows-amd64)
GC Precious Log:
 CardTable entry size: 512
 Card Set container configuration: InlinePtr #cards 5 size 8 Array Of Cards #cards 10 size 36 Howl #buckets 4 coarsen threshold 1843 Howl Bitmap #cards 512 size 80 coarsen threshold 460 Card regions per heap region 1 cards per card region 2048
 CPUs: 12 total, 12 available
 Memory: 7597M
 Large Page Support: Disabled
 NUMA Support: Disabled
 Compressed Oops: Enabled (32-bit)
 Heap Region Size: 1M
 Heap Min Capacity: 8M
 Heap Initial Capacity: 120M
 Heap Max Capacity: 1900M
 Pre-touch: Disabled
 Parallel Workers: 10
 Concurrent Workers: 3
 Concurrent Refinement Workers: 10
 Periodic GC: Disabled
Heap:
 garbage-first heap   total reserved 1945600K, committed 122880K, used 54453K [0x0000000089400000, 0x0000000100000000)
  region size 1024K, 9 young (9216K), 1 survivors (1024K)
 Metaspace       used 21440K, committed 21824K, reserved 1114112K
  class space    used 2908K, committed 3072K, reserved 1048576K
GC Heap History (8 events):
Event: 0.871 GC heap before
{Heap before GC invocations=0 (full 0):
 garbage-first heap   total reserved 1945600K, committed 122880K, used 23552K [0x0000000089400000, 0x0000000100000000)
  region size 1024K, 24 young (24576K), 0 survivors (0K)
 Metaspace       used 3845K, committed 4032K, reserved 1114112K
  class space    used 408K, committed 512K, reserved 1048576K
}
Event: 0.874 GC heap after
{Heap after GC invocations=1 (full 0):
 garbage-first heap   total reserved 1945600K, committed 122880K, used 2528K [0x0000000089400000, 0x0000000100000000)
  region size 1024K, 3 young (3072K), 3 survivors (3072K)
 Metaspace       used 3845K, committed 4032K, reserved 1114112K
  class space    used 408K, committed 512K, reserved 1048576K
}
Event: 1.304 GC heap before
{Heap before GC invocations=1 (full 0):
 garbage-first heap   total reserved 1945600K, committed 122880K, used 27104K [0x0000000089400000, 0x0000000100000000)
  region size 1024K, 28 young (28672K), 3 survivors (3072K)
 Metaspace       used 10454K, committed 10752K, reserved 1114112K
  class space    used 1355K, committed 1472K, reserved 1048576K
}
Event: 1.309 GC heap after
{Heap after GC invocations=2 (full 0):
 garbage-first heap   total reserved 1945600K, committed 122880K, used 7280K [0x0000000089400000, 0x0000000100000000)
  region size 1024K, 4 young (4096K), 4 survivors (4096K)
 Metaspace       used 10454K, committed 10752K, reserved 1114112K
  class space    used 1355K, committed 1472K, reserved 1048576K
}
Event: 10.582 GC heap before
{Heap before GC invocations=2 (full 0):
 garbage-first heap   total reserved 1945600K, committed 122880K, used 94320K [0x0000000089400000, 0x0000000100000000)
  region size 1024K, 41 young (41984K), 4 survivors (4096K)
 Metaspace       used 20086K, committed 20480K, reserved 1114112K
  class space    used 2606K, committed 2816K, reserved 1048576K
}
Event: 10.592 GC heap after
{Heap after GC invocations=3 (full 0):
 garbage-first heap   total reserved 1945600K, committed 122880K, used 54600K [0x0000000089400000, 0x0000000100000000)
  region size 1024K, 4 young (4096K), 4 survivors (4096K)
 Metaspace       used 20086K, committed 20480K, reserved 1114112K
  class space    used 2606K, committed 2816K, reserved 1048576K
}
Event: 11.696 GC heap before
{Heap before GC invocations=3 (full 0):
 garbage-first heap   total reserved 1945600K, committed 122880K, used 66888K [0x0000000089400000, 0x0000000100000000)
  region size 1024K, 13 young (13312K), 4 survivors (4096K)
 Metaspace       used 21171K, committed 21504K, reserved 1114112K
  class space    used 2891K, committed 3072K, reserved 1048576K
}
Event: 11.699 GC heap after
{Heap after GC invocations=4 (full 0):
 garbage-first heap   total reserved 1945600K, committed 122880K, used 47285K [0x0000000089400000, 0x0000000100000000)
  region size 1024K, 1 young (1024K), 1 survivors (1024K)
 Metaspace       used 21171K, committed 21504K, reserved 1114112K
  class space    used 2891K, committed 3072K, reserved 1048576K
}

